Arguments: 
  /Users/mohammedmulazada/.nvm/versions/node/v9.2.0/bin/node /Users/mohammedmulazada/.nvm/versions/node/v9.2.0/bin/yarn i express passport passport-jwt jsonwebtoken body-parser bcryptjs validator --save

PATH: 
  /Users/mohammedmulazada/.nvm/versions/node/v9.2.0/bin:/usr/local/bin:/usr/bin:/bin:/usr/sbin:/sbin

Yarn version: 
  1.5.1

Node version: 
  9.2.0

Platform: 
  darwin x64

npm manifest: 
  {
    "name": "mern-t",
    "version": "1.0.0",
    "main": "index.js",
    "license": "MIT"
  }

yarn manifest: 
  No manifest

Lockfile: 
  No lockfile

Trace: 
  Error: Command "i" not found.
      at new MessageError (/Users/mohammedmulazada/.nvm/versions/node/v9.2.0/lib/node_modules/yarn/lib/cli.js:186:110)
      at /Users/mohammedmulazada/.nvm/versions/node/v9.2.0/lib/node_modules/yarn/lib/cli.js:87307:17
      at Generator.next (<anonymous>)
      at step (/Users/mohammedmulazada/.nvm/versions/node/v9.2.0/lib/node_modules/yarn/lib/cli.js:98:30)
      at /Users/mohammedmulazada/.nvm/versions/node/v9.2.0/lib/node_modules/yarn/lib/cli.js:116:14
      at new Promise (<anonymous>)
      at new F (/Users/mohammedmulazada/.nvm/versions/node/v9.2.0/lib/node_modules/yarn/lib/cli.js:23451:28)
      at /Users/mohammedmulazada/.nvm/versions/node/v9.2.0/lib/node_modules/yarn/lib/cli.js:95:12
      at runCommand (/Users/mohammedmulazada/.nvm/versions/node/v9.2.0/lib/node_modules/yarn/lib/cli.js:87312:22)
      at Object.<anonymous> (/Users/mohammedmulazada/.nvm/versions/node/v9.2.0/lib/node_modules/yarn/lib/cli.js:87412:14)
